make.exe all --print-data-base --no-builtin-variables --no-builtin-rules --question
make: *** No rule to make target 'all'.  Stop.

# GNU Make 4.3
# Built for Windows32
# Copyright (C) 1988-2020 Free Software Foundation, Inc.
# License GPLv3+: GNU GPL version 3 or later <http://gnu.org/licenses/gpl.html>
# This is free software: you are free to change and redistribute it.
# There is NO WARRANTY, to the extent permitted by law.

# Make data base, printed on Fri May 27 15:58:49 2022

# Variables

# environment
SYSTEMDRIVE = C:
# environment
JAVA_HOME = C:\Program Files\Java\jdk-17
# environment
LC_ALL = C
# environment
USERPROFILE = C:\Users\liisu
# environment
TMPDIR = C:\Users\liisu\AppData\Local\Temp
# environment
LOCALAPPDATA = C:\Users\liisu\AppData\Local
# environment
VSCODE_IPC_HOOK_EXTHOST = \\.\pipe\vscode-ipc-cf139bef-dd94-451b-8d96-ac646a9a02cc-sock
# environment
VSCODE_CWD = C:\Users\liisu\Desktop\Weekleh
# environment
MINGW_PREFIX = C:/Program Files/Git/mingw64
# makefile (from 'Makefile', line 3)
PYTHON = python 
# environment
CHOCOLATEYINSTALL = C:\ProgramData\chocolatey
# environment
SYSTEMROOT = C:\Windows
# environment
PROCESSOR_LEVEL = 6
# environment
PSMODULEPATH = C:\Program Files\WindowsPowerShell\Modules;C:\Windows\system32\WindowsPowerShell\v1.0\Modules
# default
MAKE_COMMAND := C:/ProgramData/chocolatey/lib/make/tools/install/bin/make.exe
# automatic
@D = $(patsubst %/,%,$(patsubst %\,%,$(dir $@)))
# environment
ACLOCAL_PATH = C:\Program Files\Git\mingw64\share\aclocal;C:\Program Files\Git\usr\share\aclocal
# environment
CHROME_CRASHPAD_PIPE_NAME = \\.\pipe\crashpad_23172_ZXKVDZHHJORDMFTI
# environment
ORIGINAL_TEMP = C:/Users/liisu/AppData/Local/Temp
# environment
VSCODE_HANDLES_UNCAUGHT_ERRORS = true
# default
.VARIABLES := 
# environment
PWD = C:/Users/liisu/Desktop/Weekleh
# automatic
%D = $(patsubst %/,%,$(patsubst %\,%,$(dir $%)))
# environment
HOSTNAME = LU
# automatic
^D = $(patsubst %/,%,$(patsubst %\,%,$(dir $^)))
# environment
VSCODE_LOG_STACK = false
# automatic
%F = $(notdir $%)
# environment
VSCODE_CODE_CACHE_PATH = C:\Users\liisu\AppData\Roaming\Code\CachedData\c3511e6c69bb39013c4a4b7b9566ec1ca73fc4d5
# environment
SSH_ASKPASS = C:/Program Files/Git/mingw64/bin/git-askpass.exe
# environment
LANG = C
# default
.LOADED := 
# environment
TMP = C:\Users\liisu\AppData\Local\Temp
# default
.INCLUDE_DIRS = .
# environment
PROCESSOR_ARCHITEW6432 = AMD64
# makefile
MAKEFLAGS = pqrR
# environment
PKG_CONFIG_PATH = C:\Program Files\Git\mingw64\lib\pkgconfig;C:\Program Files\Git\mingw64\share\pkgconfig
# environment
ONEDRIVE = C:\Users\liisu\OneDrive
# makefile
CURDIR := c:/Users/liisu/Desktop/Weekleh
# environment
VSCODE_PIPE_LOGGING = true
# environment
MSYSTEM_CARCH = x86_64
# environment
APPLICATION_INSIGHTS_NO_DIAGNOSTIC_CHANNEL = true
# automatic
*D = $(patsubst %/,%,$(patsubst %\,%,$(dir $*)))
# environment
PROGRAMFILES = C:\Program Files (x86)
# environment
MFLAGS = -pqrR
# default
.SHELLFLAGS := -c
# environment
COMMONPROGRAMW6432 = C:\Program Files\Common Files
# automatic
+D = $(patsubst %/,%,$(patsubst %\,%,$(dir $+)))
# makefile (from 'Makefile', line 1)
MAKEFILE_LIST := Makefile
# automatic
@F = $(notdir $@)
# environment
VSCODE_VERBOSE_LOGGING = true
# environment
VSCODE_PID = 23172
# automatic
?D = $(patsubst %/,%,$(patsubst %\,%,$(dir $?)))
# environment
MINGW_CHOST = x86_64-w64-mingw32
# automatic
*F = $(notdir $*)
# environment
MANPATH = C:\Program Files\Git\mingw64\local\man;C:\Program Files\Git\mingw64\share\man;C:\Program Files\Git\usr\local\man;C:\Program Files\Git\usr\share\man;C:\Program Files\Git\usr\man;C:\Program Files\Git\share\man
# automatic
<D = $(patsubst %/,%,$(patsubst %\,%,$(dir $<)))
# environment
VSCODE_NLS_CONFIG = {"locale":"en-us","availableLanguages":{},"_languagePackSupport":true}
# environment
ONEDRIVECONSUMER = C:\Users\liisu\OneDrive
# default
MAKE_HOST := Windows32
# environment
PROGRAMDATA = C:\ProgramData
# environment
INFOPATH = C:\Program Files\Git\usr\local\info;C:\Program Files\Git\usr\share\info;C:\Program Files\Git\usr\info;C:\Program Files\Git\share\info
# makefile
SHELL = C:/Program Files/Git/usr/bin/sh.exe
# environment
ORIGINAL_PATH = C:\Program Files\Git\mingw64\bin;C:\Program Files\Git\usr\bin;C:\Users\liisu\bin;C:\Program Files\Common Files\Oracle\Java\javapath;C:\Windows\system32;C:\Windows;C:\Windows\System32\Wbem;C:\Windows\System32\WindowsPowerShell\v1.0;C:\Windows\System32\OpenSSH;C:\Program Files\Java\jdk-17\bin;C:\Program Files (x86)\IDEMIA\AWP\Dlls;C:\Program Files\IDEMIA\AWP\Dlls;C:\Program Files\MySQL\MySQL Server 8.0\bin;C:\Program Files\Git\cmd;C:\ProgramData\chocolatey\bin;C:\Program Files\dotnet;C:\Users\liisu\AppData\Local\Programs\Python\Python39\Scripts;C:\Users\liisu\AppData\Local\Programs\Python\Python39;C:\Users\liisu\AppData\Local\Microsoft\WindowsApps;C:\Users\liisu\AppData\Local\Programs\Microsoft VS Code\bin;C:\Program Files\JetBrains\IntelliJ IDEA 2021.2.3\bin
# environment
HOMEPATH = \Users\liisu
# default
MAKECMDGOALS := all
# environment
SHLVL = 2
# environment
DRIVERDATA = C:\Windows\System32\Drivers\DriverData
# environment
COMSPEC = C:\Windows\system32\cmd.exe
# environment
WINDIR = C:\Windows
# environment
MAKELEVEL := 0
# default
MAKE = $(MAKE_COMMAND)
# environment
PATH = C:\Users\liisu\bin;C:\Program Files\Git\mingw64\bin;C:\Program Files\Git\usr\local\bin;C:\Program Files\Git\usr\bin;C:\Program Files\Git\usr\bin;C:\Program Files\Git\mingw64\bin;C:\Program Files\Git\usr\bin;C:\Users\liisu\bin;C:\Program Files\Common Files\Oracle\Java\javapath;C:\Windows\system32;C:\Windows;C:\Windows\System32\Wbem;C:\Windows\System32\WindowsPowerShell\v1.0;C:\Windows\System32\OpenSSH;C:\Program Files\Java\jdk-17\bin;C:\Program Files (x86)\IDEMIA\AWP\Dlls;C:\Program Files\IDEMIA\AWP\Dlls;C:\Program Files\MySQL\MySQL Server 8.0\bin;C:\Program Files\Git\cmd;C:\ProgramData\chocolatey\bin;C:\Program Files\dotnet;C:\Users\liisu\AppData\Local\Programs\Python\Python39\Scripts;C:\Users\liisu\AppData\Local\Programs\Python\Python39;C:\Users\liisu\AppData\Local\Microsoft\WindowsApps;C:\Users\liisu\AppData\Local\Programs\Microsoft VS Code\bin;C:\Program Files\JetBrains\IntelliJ IDEA 2021.2.3\bin;C:\Program Files\Git\usr\bin\vendor_perl;C:\Program Files\Git\usr\bin\core_perl
# environment
ZES_ENABLE_SYSMAN = 1
# environment
COMPUTERNAME = LU
# default
MAKEFILES := 
# automatic
^F = $(notdir $^)
# environment
MINGW_PACKAGE_PREFIX = mingw-w64-x86_64
# environment
PROMPT = $P$G
# environment
CHOCOLATEYLASTPATHUPDATE = 132893147282411136
# environment
INTELLIJ IDEA = C:\Program Files\JetBrains\IntelliJ IDEA 2021.2.3\bin;
# environment
LOGONSERVER = \\LU
# environment
VSCODE_LOG_NATIVE = false
# environment
USERNAME = liisu
# environment
TERM_PROGRAM = mintty
# environment
COMMONPROGRAMFILES = C:\Program Files (x86)\Common Files
# automatic
?F = $(notdir $?)
# environment
PROGRAMW6432 = C:\Program Files
# environment
MSYSTEM_CHOST = x86_64-w64-mingw32
# environment
PATHEXT = .COM;.EXE;.BAT;.CMD;.VBS;.VBE;.JS;.JSE;.WSF;.WSH;.MSC
# automatic
+F = $(notdir $+)
# environment
CONFIG_SITE = C:/Program Files/Git/etc/config.site
# environment
ORIGINAL_XDG_CURRENT_DESKTOP = undefined
# environment
USERDOMAIN = LU
# 'override' directive
GNUMAKEFLAGS := 
# environment
OS = Windows_NT
# environment
MSYSTEM_PREFIX = C:/Program Files/Git/mingw64
# makefile
.DEFAULT_GOAL := version
# environment
DISPLAY = needs-to-be-defined
# default
MAKE_VERSION := 4.3
# environment
PROGRAMFILES(X86) = C:\Program Files (x86)
# environment
USERDOMAIN_ROAMINGPROFILE = LU
# environment
NUMBER_OF_PROCESSORS = 8
# environment
PUBLIC = C:\Users\Public
# environment
_ = C:/Users/liisu/AppData/Local/Programs/Microsoft VS Code/Code.exe
# environment
APPDATA = C:\Users\liisu\AppData\Roaming
# environment
HOMEDRIVE = C:
# environment
LC_CTYPE = en_US.UTF-8
# environment
PROCESSOR_ARCHITECTURE = x86
# environment
VSCODE_AMD_ENTRYPOINT = vs/workbench/api/node/extensionHostProcess
# environment
MSYSTEM = MINGW64
# environment
HOME = C:\Users\liisu
# environment
COMMONPROGRAMFILES(X86) = C:\Program Files (x86)\Common Files
# environment
EXEPATH = C:\Program Files\Git
# environment
ELECTRON_RUN_AS_NODE = 1
# environment
TEMP = C:\Users\liisu\AppData\Local\Temp
# environment
TERM = xterm
# environment
VSCODE_IPC_HOOK = \\.\pipe\27f06e9bf2a1e7104cea37defc0d66f8-1.67.2-main-sock
# default
.RECIPEPREFIX := 
# environment
ORIGINAL_TMP = C:/Users/liisu/AppData/Local/Temp
# automatic
<F = $(notdir $<)
# environment
PLINK_PROTOCOL = ssh
# default
SUFFIXES := 
# environment
ALLUSERSPROFILE = C:\ProgramData
# environment
SESSIONNAME = Console
# environment
VSCODE_CLI = 1
# environment
ELECTRON_NO_ATTACH_CONSOLE = 1
# default
.FEATURES := target-specific order-only second-expansion else-if shortest-stem undefine oneshell nocomment grouped-target extra-prereqs archives jobserver output-sync load
# environment
PROCESSOR_REVISION = 8c01
# environment
TERM_PROGRAM_VERSION = 3.5.2
# environment
PROCESSOR_IDENTIFIER = Intel64 Family 6 Model 140 Stepping 1, GenuineIntel
# variable set hash-table stats:
# Load=130/1024=13%, Rehash=0, Collisions=13/159=8%

# Pattern-specific Variable Values

# No pattern-specific variable values.

# Directories

# . (key c:/Users/liisu/Desktop/Weekleh, mtime 1653659928): 10 files, no impossibilities.

# 10 files, no impossibilities in 1 directories.

# Implicit Rules

# No implicit rules.

# Files

coverage:
#  Implicit rule search has not been done.
#  Modification time never checked.
#  File has not been updated.
#  recipe to execute (from 'Makefile', line 43):
	@$(call MESSAGE,$@)
	coverage run -m unittest src/test/test_*.py
	coverage html
	coverage report -m

venv:
#  Implicit rule search has not been done.
#  Modification time never checked.
#  File has not been updated.
#  recipe to execute (from 'Makefile', line 16):
	test -d .venv || $(PYTHON) -m venv .venv
	@printf "\nNow activate the Python virtual envirounment.\n"
	@printf "On Windows (bash terminal), do:\n"
	@printf "\033[1m> . .venv/Scripts/activate && pip -V\033[0m\n"
	@printf "On Unix and Mac, do:\n"
	@printf "\033[1m> . venv/bin/activate && pip -V\033[0m\n"
	@printf "Type 'deactivate' to deactivate.\n\n"

# Not a target:
Makefile:
#  Implicit rule search has been done.
#  Last modified 2022-05-27 15:46:45
#  File has been updated.
#  Successfully updated.

version:
#  Implicit rule search has not been done.
#  Modification time never checked.
#  File has not been updated.
#  recipe to execute (from 'Makefile', line 6):
	@printf "Currently using executable: $(PYTHON)\n"
	which $(PYTHON)
	$(PYTHON) --version

# Not a target:
.DEFAULT:
#  Implicit rule search has not been done.
#  Modification time never checked.
#  File has not been updated.

# Not a target:
all:
#  Command line target.
#  Implicit rule search has been done.
#  File does not exist.
#  File has not been updated.

unittest:
#  Implicit rule search has not been done.
#  Modification time never checked.
#  File has not been updated.
#  recipe to execute (from 'Makefile', line 39):
	@$(call MESSAGE,$@)
	 $(PYTHON) -m unittest src/test/test_*.py

install:
#  Implicit rule search has not been done.
#  Modification time never checked.
#  File has not been updated.
#  recipe to execute (from 'Makefile', line 26):
	@printf "\n\033[1m\t!!!You need to activate the Python virtual environment first!!!\033[1m \n\n"

installed:
#  Implicit rule search has not been done.
#  Modification time never checked.
#  File has not been updated.
#  recipe to execute (from 'Makefile', line 36):
	$(PYTHON) -m pip list

# files hash-table stats:
# Load=10/1024=1%, Rehash=0, Collisions=0/20=0%
# VPATH Search Paths

# No 'vpath' search paths.

# No general ('VPATH' variable) search path.

# strcache buffers: 1 (0) / strings = 19 / storage = 152 B / avg = 8 B
# current buf: size = 8174 B / used = 152 B / count = 19 / avg = 8 B

# strcache performance: lookups = 29 / hit rate = 34%
# hash-table stats:
# Load=19/8192=0%, Rehash=0, Collisions=0/29=0%
# Finished Make data base on Fri May 27 15:58:49 2022

 
